<?xml version="1.0" encoding="UTF-8" ?>
<testsuite tests="6" failures="0" name="com.example.AnimalTest" time="0.674" errors="0" skipped="0">
  <properties>
[...]
</properties>
  <testcase classname="com.example.AnimalTest" name="testFelineGetFamily" time="0.651"/>
  <testcase classname="com.example.AnimalTest" name="testCatGetSound" time="0"/>
  <testcase classname="com.example.AnimalTest" name="testCatGetFood" time="0"/>
  <testcase classname="com.example.AnimalTest" name="getFood" time="0.021"/>
  <testcase classname="com.example.AnimalTest" name="testFelineEatMeat" time="0.001"/>
  <testcase classname="com.example.AnimalTest" name="getSound" time="0.001"/>
</testsuite>